0 info it worked if it ends with ok
1 verbose cli [ '/Users/danielb/.nvm/versions/node/v5.8.0/bin/node',
1 verbose cli   '/Users/danielb/.nvm/versions/node/v5.8.0/bin/npm',
1 verbose cli   'run',
1 verbose cli   'scss-w' ]
2 info using npm@3.7.3
3 info using node@v5.8.0
4 verbose stack Error: missing script: scss-w
4 verbose stack     at run (/Users/danielb/.nvm/versions/node/v5.8.0/lib/node_modules/npm/lib/run-script.js:147:19)
4 verbose stack     at /Users/danielb/.nvm/versions/node/v5.8.0/lib/node_modules/npm/lib/run-script.js:57:5
4 verbose stack     at /Users/danielb/.nvm/versions/node/v5.8.0/lib/node_modules/npm/node_modules/read-package-json/read-json.js:345:5
4 verbose stack     at checkBinReferences_ (/Users/danielb/.nvm/versions/node/v5.8.0/lib/node_modules/npm/node_modules/read-package-json/read-json.js:309:45)
4 verbose stack     at final (/Users/danielb/.nvm/versions/node/v5.8.0/lib/node_modules/npm/node_modules/read-package-json/read-json.js:343:3)
4 verbose stack     at then (/Users/danielb/.nvm/versions/node/v5.8.0/lib/node_modules/npm/node_modules/read-package-json/read-json.js:113:5)
4 verbose stack     at ReadFileContext.<anonymous> (/Users/danielb/.nvm/versions/node/v5.8.0/lib/node_modules/npm/node_modules/read-package-json/read-json.js:284:20)
4 verbose stack     at ReadFileContext.callback (/Users/danielb/.nvm/versions/node/v5.8.0/lib/node_modules/npm/node_modules/graceful-fs/graceful-fs.js:78:16)
4 verbose stack     at FSReqWrap.readFileAfterOpen [as oncomplete] (fs.js:324:13)
5 verbose cwd /Users/danielb/dev/james/scss
6 error Darwin 15.6.0
7 error argv "/Users/danielb/.nvm/versions/node/v5.8.0/bin/node" "/Users/danielb/.nvm/versions/node/v5.8.0/bin/npm" "run" "scss-w"
8 error node v5.8.0
9 error npm  v3.7.3
10 error missing script: scss-w
11 error If you need help, you may report this error at:
11 error     <https://github.com/npm/npm/issues>
12 verbose exit [ 1, true ]
